C251 COMPILER V5.60.0,  pic                                                                14/01/26  14:45:49  PAGE 1   


C251 COMPILER V5.60.0, COMPILATION OF MODULE pic
OBJECT MODULE PLACED IN .\Objects\pic.obj
COMPILER INVOKED BY: D:\AI-KEIL5\C251\BIN\C251.EXE Sources\pic.c XSMALL BROWSE INCDIR(.\Sources) DEBUG PRINT(.\Listings\
                    -pic.lst) OBJECT(.\Objects\pic.obj) 

stmt  level    source

    1          #include <ai8051u.h>            //包含外部头文件
    2          #include <string.h>
    3          #include <stdlib.h>
    4          #include "pic.h"
    5          
    6          u8 code OLED12864_IMG0[8][128] =
    7          {
    8                  0x00,0x00,0x00,0xe0,0xf0,0xf8,0xf8,0x9c,0x1c,0x1c,0x1c,0x1c,0x1c,0x38,0x38,0x18,
    9                  0x00,0x10,0x18,0x1c,0x1c,0xdc,0xfc,0xfc,0xfc,0x1c,0x1c,0x1c,0x1c,0x0c,0x04,0xc0,
   10                  0xe0,0xf0,0x78,0x38,0x38,0x1c,0x1c,0x1c,0x1c,0x3c,0x38,0x08,0x00,0x00,0xc0,0xf0,
   11                  0xfc,0xfc,0x7c,0xfc,0xf0,0x00,0x00,0xc0,0xc0,0xe0,0xf8,0xfc,0xfc,0xfc,0x7c,0x0c,
   12                  0x00,0xc0,0xc0,0xf0,0xf0,0x78,0x38,0x1c,0x1c,0x1c,0x1c,0x1c,0x38,0x38,0x08,0x00,
   13                  0x80,0xf0,0xfc,0xfc,0xfc,0x00,0x00,0x00,0x00,0x00,0xc0,0xfc,0xfc,0xfc,0x0c,0x00,
   14                  0x00,0x00,0x00,0x00,0x00,0x00,0x00,0x00,0x00,0x00,0x00,0x00,0x00,0x00,0x00,0x00,
   15                  0x00,0x00,0x00,0x00,0x00,0x00,0x00,0x00,0x00,0x00,0x00,0x00,0x00,0x00,0x00,0x00,
   16                  0x00,0x70,0x70,0xf0,0xe1,0xe3,0xe3,0xe3,0xe3,0xe7,0x7f,0x7f,0x3e,0x1c,0x00,0x00,
   17                  0x00,0x00,0x00,0xf0,0xfe,0xff,0x7f,0x0f,0x03,0x00,0x00,0x00,0x00,0x00,0x1f,0x3f,
   18                  0x7f,0x7f,0xf0,0xe0,0xe0,0xe0,0xe0,0x70,0x70,0x10,0x00,0x00,0xc0,0xf0,0xff,0xff,
   19                  0x7f,0x03,0x00,0x03,0x0f,0x0f,0x0f,0x03,0xc3,0xf0,0xff,0xff,0x7f,0x03,0x00,0x00,
   20                  0x1f,0x3f,0x3f,0x7f,0xf0,0xf0,0xe0,0xe0,0xe0,0x70,0x70,0x70,0x00,0x00,0x00,0x3c,
   21                  0x3f,0x7f,0xff,0xf3,0xe0,0xe0,0xe0,0xe0,0x70,0x7e,0x3f,0x1f,0x0f,0x03,0x00,0x00,
   22                  0x00,0x00,0x00,0x00,0x00,0x00,0x00,0x00,0x00,0x00,0x00,0x00,0x00,0x00,0x00,0x00,
   23                  0x00,0x00,0x00,0x00,0x00,0x00,0x00,0x00,0x00,0x00,0x00,0x00,0x00,0x00,0x00,0x00,
   24                  0x00,0x00,0x00,0x00,0x00,0x00,0x00,0x00,0x00,0x00,0x00,0x10,0x18,0x30,0x60,0xe0,
   25                  0x40,0x00,0xf0,0xf0,0x30,0x30,0x30,0x30,0x30,0x30,0x30,0x30,0x30,0x30,0x30,0x30,
   26                  0x30,0xf0,0xf0,0x00,0x00,0x00,0x00,0x00,0x00,0xf8,0xf8,0x00,0x00,0x00,0x00,0x00,
   27                  0xf8,0xf8,0x00,0x00,0x00,0x00,0xf0,0xf0,0x00,0x00,0x00,0x00,0xf8,0xf8,0x00,0x00,
   28                  0x00,0x00,0xf0,0xf0,0x30,0x30,0x30,0x30,0x30,0x30,0x30,0x30,0x30,0x30,0x30,0x30,
   29                  0x30,0x30,0x30,0x30,0x30,0x30,0x30,0xf0,0xf0,0x00,0x00,0x00,0xc0,0xc0,0xc0,0xc0,
   30                  0xc0,0xc0,0xc0,0xfe,0xfe,0xc0,0xc0,0xc0,0xc0,0xc0,0xc0,0xc0,0xc0,0xfe,0xfe,0xc0,
   31                  0xc0,0xc0,0xc0,0xc0,0xc0,0x00,0x00,0x00,0x00,0x00,0x00,0x00,0x00,0x00,0x00,0x00,
   32                  0x00,0x00,0x00,0x00,0x00,0x00,0x00,0x00,0x00,0x00,0x08,0x1c,0x18,0x38,0x70,0x20,
   33                  0x00,0x00,0x90,0xb0,0x98,0x9c,0x8c,0x86,0x83,0x82,0xf0,0xf0,0x82,0x83,0x86,0x8c,
   34                  0x9c,0xb8,0x90,0x80,0x00,0x06,0x06,0x06,0x06,0xff,0xff,0x06,0x06,0x06,0x00,0x00,
   35                  0xff,0xff,0x00,0x00,0x00,0x00,0xff,0xff,0x00,0x00,0x00,0x00,0xff,0xff,0x00,0x00,
   36                  0x00,0x00,0xff,0xff,0x00,0x00,0xc3,0xc3,0xc3,0xc3,0xc3,0xc3,0xc3,0xff,0xff,0xc3,
   37                  0xc3,0xc3,0xc3,0xc3,0xc3,0x00,0x00,0xff,0xff,0x00,0x00,0x00,0x00,0x00,0x00,0x80,
   38                  0x80,0x00,0x80,0x8f,0x0f,0x00,0x00,0x10,0x78,0xf0,0xc0,0x00,0x00,0x0f,0x0f,0x00,
   39                  0x00,0x80,0x00,0x00,0x00,0x00,0x00,0x00,0x00,0x00,0x00,0x00,0x00,0x00,0x00,0x00,
   40                  0x00,0x00,0x00,0x00,0x00,0x00,0x00,0x00,0x00,0x00,0x00,0x00,0x80,0xf8,0x7e,0x0c,
   41                  0x00,0x00,0x81,0xc1,0xc1,0x61,0x31,0x19,0x0d,0x07,0xff,0xff,0x07,0x1d,0x31,0x61,
   42                  0xc1,0xc1,0x81,0x01,0x00,0x60,0x60,0x30,0x30,0x3f,0x1f,0x18,0x18,0x0c,0xcc,0xf0,
   43                  0x7f,0x0f,0x00,0x00,0x00,0x00,0xff,0xff,0x00,0x00,0x00,0x00,0xff,0xff,0x00,0x00,
   44                  0x00,0x00,0xff,0xff,0x00,0x30,0x30,0x30,0x30,0x30,0x30,0x30,0x30,0x3f,0x3f,0x30,
   45                  0x33,0x36,0x3e,0x34,0x30,0x30,0x00,0xff,0xff,0x00,0x00,0x00,0x40,0xf0,0x7e,0x0f,
   46                  0x01,0x00,0xff,0xff,0x00,0x00,0x00,0x00,0x00,0x03,0x07,0x02,0x00,0x00,0xf0,0xe0,
   47                  0x01,0x07,0x3f,0xf8,0x40,0x00,0x00,0x00,0x00,0x00,0x00,0x00,0x00,0x00,0x00,0x00,
   48                  0x00,0x00,0x00,0x00,0x00,0x00,0x00,0x00,0x00,0x00,0x00,0x04,0x0f,0x03,0x00,0x00,
   49                  0x01,0x03,0x01,0x01,0x00,0x00,0x00,0x00,0x00,0x00,0x0f,0x0f,0x00,0x00,0x00,0x00,
   50                  0x00,0x01,0x03,0x01,0x00,0x00,0x00,0x00,0x00,0x00,0x00,0x04,0x0e,0x07,0x03,0x01,
   51                  0x00,0x00,0x00,0x00,0x00,0x00,0x01,0x01,0x00,0x00,0x00,0x00,0x0f,0x0f,0x00,0x00,
   52                  0x00,0x00,0x0f,0x0f,0x06,0x06,0x06,0x06,0x06,0x06,0x06,0x06,0x06,0x06,0x06,0x06,
   53                  0x06,0x06,0x06,0x06,0x06,0x06,0x06,0x0f,0x0f,0x00,0x00,0x00,0x00,0x00,0x00,0x00,
   54                  0x00,0x00,0x07,0x0f,0x0c,0x0c,0x0c,0x0c,0x0c,0x0c,0x0c,0x0c,0x0c,0x0f,0x07,0x00,
   55                  0x00,0x00,0x00,0x00,0x00,0x00,0x00,0x00,0x00,0x00,0x00,0x00,0x00,0x00,0x00,0x00,
   56                  0x00,0x00,0x00,0x00,0x08,0x44,0x44,0xc4,0xb8,0x00,0x00,0x00,0x00,0x08,0x04,0x04,
   57                  0xc4,0x78,0x00,0xc0,0x60,0xfc,0x06,0x08,0x68,0xc8,0x0a,0x0a,0x0c,0x88,0x68,0x08,
   58                  0x00,0x38,0xc4,0x44,0xc4,0xa4,0x38,0x00,0x00,0xf0,0x08,0x04,0x04,0x0c,0xf0,0x00,
C251 COMPILER V5.60.0,  pic                                                                14/01/26  14:45:49  PAGE 2   

   59                  0x00,0x7c,0x44,0x44,0x44,0xc4,0x84,0x00,0x00,0x00,0x08,0x0c,0xfc,0x00,0x00,0x00,
   60                  0xfe,0x02,0x4a,0x4a,0x4a,0x4a,0xfa,0x4a,0xca,0x4a,0x4a,0x02,0xfe,0x00,0x08,0x08,
   61                  0x88,0x08,0xbe,0x08,0x08,0xc8,0x88,0x08,0x3e,0x08,0x88,0x08,0x08,0x00,0x00,0xfc,
   62                  0x24,0x24,0x24,0x24,0x26,0x26,0x24,0x24,0x24,0x24,0x3c,0x00,0x80,0xfc,0x84,0x96,
   63                  0xa4,0xfc,0x00,0x08,0xe8,0x2a,0x2c,0x28,0xe8,0x08,0x08,0x00,0x00,0x00,0x00,0x00,
   64                  0x00,0x00,0x00,0x00,0x04,0x08,0x08,0x0c,0x07,0x00,0x00,0x00,0x08,0x0c,0x0a,0x09,
   65                  0x08,0x08,0x00,0x00,0x00,0x1f,0x00,0x10,0x10,0x11,0x16,0x10,0x1c,0x13,0x10,0x10,
   66                  0x00,0x07,0x0c,0x08,0x08,0x08,0x07,0x00,0x00,0x03,0x0c,0x08,0x08,0x04,0x03,0x00,
   67                  0x00,0x04,0x08,0x08,0x08,0x04,0x07,0x00,0x00,0x00,0x08,0x08,0x0f,0x08,0x08,0x00,
   68                  0x3f,0x10,0x14,0x14,0x14,0x14,0x17,0x14,0x15,0x17,0x14,0x10,0x3f,0x00,0x08,0x07,
   69                  0x01,0x00,0x3f,0x20,0x20,0x20,0x21,0x20,0x30,0x1e,0x00,0x07,0x0c,0x20,0x1c,0x07,
   70                  0x00,0x3f,0x11,0x11,0x11,0x11,0x11,0x11,0x11,0x11,0x3f,0x00,0x30,0x1f,0x20,0x26,
   71                  0x20,0x3f,0x20,0x18,0x07,0x00,0x00,0x00,0x3f,0x20,0x3e,0x00,0x00,0x00,0x00,0x00,
   72          };
   73          
   74          u8 code OLED12864_IMG1[8][128] = {
   75              0x00,0x00,0x00,0x00,0x00,0x00,0x00,0x00,0x00,0x00,0x00,0x00,0x00,0x00,0x00,0x00,
   76              0x00,0x00,0x00,0x00,0x00,0x00,0x00,0x00,0x00,0x00,0x00,0x00,0x00,0x00,0x00,0x00,
   77              0x00,0x00,0x00,0x00,0x00,0x00,0x00,0x00,0x00,0x00,0x00,0x00,0x00,0x00,0x00,0x00,
   78              0xC0,0xF0,0xF8,0xF8,0xFC,0xFC,0xFC,0xF8,0xF8,0xF0,0xE0,0x00,0x00,0x00,0x00,0x00,
   79              0x00,0x00,0x00,0x00,0x00,0x00,0x00,0x00,0xC0,0xE0,0xE0,0xF0,0xF0,0xF0,0xE0,0xE0,
   80              0xC0,0x80,0x00,0x00,0x00,0x00,0x00,0x00,0x00,0x00,0x00,0x00,0x00,0x00,0x00,0x00,
   81              0x00,0x00,0x00,0x00,0x00,0x00,0x00,0x00,0x00,0x00,0x00,0x00,0x00,0x00,0x00,0x00,
   82              0x00,0x00,0x00,0x00,0x00,0x00,0x00,0x00,0x00,0x00,0x00,0x00,0x00,0x00,0x00,0x00,
   83              0x00,0x00,0x00,0x00,0x00,0x00,0x00,0x00,0x00,0x00,0x00,0x00,0x00,0x00,0x00,0x00,
   84              0x00,0x00,0x00,0x00,0x00,0x00,0x00,0x00,0x00,0x00,0x00,0x00,0x00,0x00,0x00,0x00,
   85              0x00,0x00,0x00,0x00,0x00,0x00,0x00,0x00,0x00,0x00,0x00,0x80,0xC0,0xC0,0xC0,0xC0,
   86              0xC1,0xC7,0xCF,0xDF,0xDF,0xDF,0xDF,0xDF,0xCF,0xC7,0xC3,0xC0,0xC0,0xC0,0xC0,0x80,
   87              0x80,0x00,0x00,0x00,0x00,0x00,0x00,0x07,0x1F,0x3F,0x7F,0x7F,0x7F,0x7F,0x7F,0x3F,
   88              0x1F,0x0F,0x00,0x00,0x00,0x00,0x00,0x00,0x00,0x00,0x00,0x00,0x00,0x00,0x00,0x00,
   89              0x00,0x00,0x00,0x00,0x00,0x00,0x00,0x00,0x00,0x00,0x00,0x00,0x00,0x00,0x00,0x00,
   90              0x00,0x00,0x00,0x00,0x00,0x00,0x00,0x00,0x00,0x00,0x00,0x00,0x00,0x00,0x00,0x00,
   91              0x00,0x00,0x00,0x00,0x00,0x00,0x00,0x00,0x00,0x00,0x00,0x00,0x00,0x00,0x00,0x00,
   92              0x00,0x00,0x00,0x00,0x00,0x00,0x00,0x00,0x00,0x00,0x00,0x00,0x00,0x00,0x00,0x00,
   93              0x00,0x00,0x00,0x00,0x00,0x00,0x00,0x00,0x00,0x00,0xFF,0xFF,0xFF,0xFF,0x1F,0xBF,
   94              0xFF,0xFF,0xFF,0xFF,0xFF,0xFF,0xFF,0xFF,0xFF,0xFF,0xFF,0xFF,0x1F,0xFF,0xFF,0xFF,
   95              0xFF,0x00,0x00,0xE0,0xF8,0xFE,0xFF,0x7F,0xFF,0xFF,0xFF,0xFF,0xFF,0xFF,0xFF,0xFF,
   96              0xFF,0xFF,0x7F,0xFE,0xFC,0xF0,0x80,0x00,0x00,0x00,0x00,0x00,0x00,0x00,0x00,0x00,
   97              0x00,0x00,0x00,0x00,0x00,0x00,0x00,0x00,0x00,0x00,0x00,0x00,0xC0,0xC0,0x80,0x80,
   98              0x80,0x80,0x00,0x00,0x00,0x00,0x00,0x00,0x00,0x00,0x00,0x00,0x00,0x00,0x00,0x00,
   99              0x00,0x00,0x00,0x00,0x00,0x00,0x00,0x00,0x00,0x00,0x00,0xC0,0xE0,0xE0,0xF0,0xF0,
  100              0xE0,0xE0,0xC0,0x00,0x00,0x00,0x00,0x00,0x00,0x00,0x00,0x00,0x00,0x80,0xC0,0xE0,
  101              0xF0,0xF0,0xF0,0xE0,0xC0,0x00,0x00,0x00,0x00,0x00,0xFF,0xFF,0xFF,0xFF,0x00,0xFF,
  102              0xFF,0xFF,0xFF,0xFF,0xFF,0xFF,0xFF,0xFF,0xFF,0xFF,0xFF,0xFF,0x00,0xFF,0xFF,0xFF,
  103              0xFF,0xFC,0xFF,0xFF,0x1F,0xC7,0xF0,0xFE,0xFF,0xFF,0xFF,0xFF,0xFF,0xFF,0xFF,0xFF,
  104              0xFF,0xFF,0xFC,0xE3,0x0F,0x7F,0xFF,0xFE,0xF0,0xC0,0x00,0x00,0x00,0x00,0x00,0x00,
  105              0x00,0x00,0x00,0x00,0x00,0x00,0x00,0x00,0x00,0x00,0x00,0x00,0xFF,0xFF,0xFF,0xFF,
  106              0xFF,0xFF,0xFF,0xFF,0xFE,0xFC,0xF8,0xF0,0xE0,0x80,0x00,0x00,0x00,0x00,0x00,0x00,
  107              0x00,0x00,0x00,0x00,0x00,0x00,0x00,0x00,0x00,0x00,0xC0,0xC7,0xEF,0xCF,0xCF,0xCF,
  108              0xCF,0xEF,0xC7,0xC0,0x80,0x00,0x00,0x00,0x00,0x00,0x00,0x00,0x80,0xC3,0xE7,0xCF,
  109              0xCF,0xDF,0xCF,0xCF,0xE7,0xE1,0xE0,0xF0,0xF8,0x78,0x7F,0x3F,0x1F,0x1F,0x00,0xFF,
  110              0xFF,0xFF,0xFF,0xFF,0xFF,0x0F,0xFF,0xFF,0xFF,0xFF,0xFF,0xFF,0x00,0x1F,0x1F,0x1F,
  111              0x1F,0x1F,0x87,0xF0,0xFE,0xFF,0xFF,0xFF,0xFF,0xFF,0xFF,0xFF,0xFF,0xFF,0xFF,0xFF,
  112              0xFF,0xFF,0xFF,0xFF,0xFF,0xF8,0xC3,0x0F,0x1F,0x1F,0x1E,0x00,0x00,0xE0,0xE0,0xE0,
  113              0xE0,0xE0,0xE0,0xE0,0xE0,0xE0,0xE0,0xE0,0xE0,0xE0,0xE0,0xE0,0xFF,0xFF,0xFF,0xFF,
  114              0xFF,0xFF,0xFF,0xFF,0xFF,0xFF,0xFF,0xFF,0xFF,0xFF,0xFC,0x00,0x00,0x00,0x00,0x00,
  115              0x00,0x00,0x00,0x00,0x00,0x60,0x78,0x7C,0x3E,0x9F,0xEF,0xFF,0xFF,0xFF,0xFF,0xFF,
  116              0xFF,0xFF,0xFF,0xFF,0x9F,0x3E,0x7C,0x78,0x70,0x7C,0x3E,0x1F,0x0F,0xFF,0xFF,0xFF,
  117              0xFF,0xFF,0xFF,0xFF,0xFF,0xFF,0x01,0x00,0x00,0x00,0x00,0x00,0x00,0x00,0x00,0xFF,
  118              0xFF,0xFF,0xFF,0xFF,0xFF,0x00,0xFF,0xFF,0xFF,0xFF,0xFF,0xFF,0x00,0x00,0x00,0x00,
  119              0x00,0x00,0x01,0x01,0x01,0x01,0x0B,0xFF,0xFF,0xFF,0xFF,0xFF,0x01,0xFF,0xFF,0xFF,
  120              0xFF,0xFF,0xFF,0x01,0x01,0x01,0x01,0x00,0x00,0x00,0x00,0x00,0x00,0x03,0x0F,0x3F,
  121              0x7F,0xFF,0xFF,0xFF,0xFF,0xFF,0xFF,0xFF,0xFF,0xFF,0xFF,0xFF,0xFF,0xFF,0xFF,0xFF,
  122              0xFF,0xFF,0xFF,0xFF,0xFF,0xFF,0xFF,0x7F,0x1F,0x07,0x01,0x00,0x00,0x00,0x00,0x00,
  123              0x00,0x00,0x00,0x00,0x00,0x00,0x00,0x00,0x0C,0x0F,0x0F,0xFF,0xFF,0xFF,0x5F,0x0F,
  124              0xFF,0xFF,0xFF,0x0F,0x0F,0x0C,0x00,0x00,0x00,0x00,0x00,0x00,0x00,0xFF,0xFF,0xFF,
C251 COMPILER V5.60.0,  pic                                                                14/01/26  14:45:49  PAGE 3   

  125              0xFF,0x01,0xFF,0xFF,0xFF,0xFF,0x00,0x00,0x00,0x00,0x00,0x00,0x00,0x00,0x00,0xFF,
  126              0xFF,0xFF,0xFF,0xFF,0xFF,0x00,0xFF,0xFF,0xFF,0xFF,0xFF,0xFF,0x00,0x00,0x00,0x00,
  127              0x00,0x00,0x00,0x00,0x00,0x00,0x00,0xFF,0xFF,0xFF,0xFF,0xFF,0x00,0xFF,0xFF,0xFF,
  128              0xFF,0xFF,0xFF,0x00,0x00,0x00,0x00,0x00,0x00,0x00,0x00,0x00,0x00,0x00,0x00,0xC0,
  129              0xE0,0xE0,0xE1,0xE3,0xE3,0xE7,0xC7,0x0F,0x0F,0x0F,0x0F,0x0F,0x0F,0x0F,0xCF,0xEF,
  130              0xE7,0xE7,0xE7,0xE3,0xE1,0xC1,0x00,0x00,0x00,0x00,0x00,0x00,0x00,0x00,0x00,0x00,
  131              0x00,0x00,0x00,0x00,0x00,0x00,0x00,0x00,0x00,0x00,0x00,0x1F,0x1F,0x1F,0x00,0x00,
  132              0x1F,0x1F,0x1F,0x00,0x00,0x00,0x00,0x00,0x00,0x00,0x00,0x00,0x00,0x0F,0x1F,0x1F,
  133              0x1F,0x00,0x1F,0x1F,0x1F,0x0F,0x00,0x00,0x00,0x00,0x00,0x00,0x00,0x00,0x00,0x07,
  134              0x1F,0x1F,0x1F,0x1F,0x0F,0x00,0x0F,0x1F,0x1F,0x1F,0x1F,0x0F,0x00,0x00,0x00,0x00,
  135              0x00,0x00,0x00,0x00,0x00,0x00,0x04,0x1F,0x1F,0x1F,0x1F,0x0F,0x00,0x07,0x1F,0x1F,
  136              0x1F,0x1F,0x0F,0x00,0x00,0x00,0x00,0x00,0x00,0x00,0x00,0x00,0x00,0x00,0x00,0x0F,
  137              0x1F,0x1F,0x1F,0x1F,0x1F,0x1F,0x0F,0x01,0x00,0x00,0x00,0x00,0x00,0x00,0x0F,0x1F,
  138              0x1F,0x1F,0x1F,0x1F,0x1F,0x0F,0x00,0x00,0x00,0x00,0x00,0x00,0x00,0x00,0x00,0x00,
  139          };
  140          
  141          unsigned char xdata Battery[8][128] = {
  142              0xFF,0xFF,0xFF,0xFF,0xFF,0xFF,0xFF,0xFF,0xFF,0xFF,0xFF,0xFF,0xFF,0xFF,0xFF,0xFF,
  143              0xFF,0xFF,0xFF,0xFF,0xFE,0xFC,0xFC,0xF8,0xF8,0xF8,0xF8,0xF8,0xF8,0xF8,0xF8,0xF8,
  144              0xF8,0xF8,0xF8,0xF8,0xF8,0xF8,0xF8,0xF8,0xF8,0xF8,0xF8,0xF8,0xF8,0xF8,0xF8,0xF8,
  145              0xF8,0xF8,0xF8,0xF8,0xF8,0xF8,0xF8,0xF8,0xF8,0xF8,0xF8,0xF8,0xF8,0xF8,0xF8,0xF8,
  146              0xF8,0xF8,0xF8,0xF8,0xF8,0xF8,0xF8,0xF8,0xF8,0xF8,0xF8,0xF8,0xF8,0xF8,0xF8,0xF8,
  147              0xF8,0xF8,0xF8,0xF8,0xF8,0xF8,0xF8,0xF8,0xF8,0xF8,0xF8,0xF8,0xF8,0xF8,0xF8,0xF8,
  148              0xF8,0xF8,0xF8,0xF8,0xF8,0xF8,0xFC,0xFE,0xFF,0xFF,0xFF,0xFF,0xFF,0xFF,0xFF,0xFF,
  149              0xFF,0xFF,0xFF,0xFF,0xFF,0xFF,0xFF,0xFF,0xFF,0xFF,0xFF,0xFF,0xFF,0xFF,0xFF,0xFF,
  150              0xFF,0xFF,0xFF,0xFF,0xFF,0xFF,0xFF,0xFF,0xFF,0xFF,0xFF,0xFF,0xFF,0xFF,0xFF,0xFF,
  151              0xFF,0xFF,0xFF,0xFF,0x00,0x00,0x00,0x00,0x00,0x00,0x00,0x00,0x07,0x07,0x07,0x07,
  152              0x07,0x07,0x07,0x07,0x07,0x07,0x07,0x07,0x07,0x07,0x07,0x07,0x07,0x07,0x07,0x07,
  153              0x07,0x07,0x07,0x07,0x07,0x07,0x07,0x07,0x07,0x07,0x07,0x07,0x07,0x07,0x07,0x07,
  154              0x07,0x07,0x07,0x07,0x07,0x07,0x07,0x07,0x07,0x07,0x07,0x07,0x07,0x07,0x07,0x07,
  155              0x07,0x07,0x07,0x07,0x07,0x07,0x07,0x07,0x07,0x07,0x07,0x07,0x07,0x07,0x07,0x07,
  156              0x00,0x00,0x00,0x00,0x00,0x00,0x00,0x00,0xFF,0xFF,0xFF,0xFF,0xFF,0xFF,0xFF,0xFF,
  157              0xFF,0xFF,0xFF,0xFF,0xFF,0xFF,0xFF,0xFF,0xFF,0xFF,0xFF,0xFF,0xFF,0xFF,0xFF,0xFF,
  158              0xFF,0xFF,0xFF,0xFF,0xFF,0xFF,0xFF,0xFF,0xFF,0xFF,0xFF,0xFF,0xFF,0xFF,0xFF,0xFF,
  159              0xFF,0xFF,0xFF,0xFF,0x00,0x00,0x00,0x00,0x00,0x00,0x00,0x00,0xFF,0xFF,0xFF,0xFF,
  160              0xFF,0xFF,0xF8,0xF0,0xE0,0xE0,0xE0,0xE0,0xE0,0xE0,0xE0,0xE0,0xE0,0xE0,0xE0,0xF0,
  161              0xF8,0xFF,0xFF,0xFF,0xFF,0xFF,0xFF,0xF0,0xF0,0xE0,0xE0,0xE0,0xE0,0xE0,0xE0,0xE0,
  162              0xE0,0xE0,0xE0,0xE0,0xF0,0xFC,0xFF,0xFF,0xFF,0xFF,0xFF,0xFF,0xF0,0xE0,0xE0,0xE0,
  163              0xE0,0xE0,0xE0,0xE0,0xF0,0xF8,0xFE,0xFF,0xFF,0xFF,0xFF,0xFF,0xFF,0xFF,0xFF,0xFF,
  164              0x00,0x00,0x00,0x00,0x00,0x00,0x00,0x00,0xE0,0xF0,0xF0,0xF0,0xF0,0xF0,0xFC,0xFF,
  165              0xFF,0xFF,0xFF,0xFF,0xFF,0xFF,0xFF,0xFF,0xFF,0xFF,0xFF,0xFF,0xFF,0xFF,0xFF,0xFF,
  166              0xFF,0xFF,0xFF,0xFF,0xFF,0xFF,0xFF,0xFF,0xFF,0xFF,0xFF,0xFF,0xFF,0xFF,0xFF,0xFF,
  167              0xFF,0xFF,0xFF,0xFF,0x00,0x00,0x00,0x00,0x00,0x00,0x00,0x00,0xFF,0xFF,0xFF,0xFF,
  168              0xFF,0xFF,0x00,0x00,0x00,0x00,0x00,0x00,0x00,0x00,0x00,0x00,0x00,0x00,0x00,0x00,
  169              0x00,0xFF,0xFF,0xFF,0xFF,0xFF,0xFF,0x00,0x00,0x00,0x00,0x00,0x00,0x00,0x00,0x00,
  170              0x00,0x00,0x00,0x00,0x00,0x00,0xFF,0xFF,0xFF,0xFF,0xFF,0xFF,0x00,0x00,0x00,0x00,
  171              0x00,0x00,0x00,0x00,0x00,0x00,0x00,0x00,0x80,0xC0,0xFF,0xFF,0xFF,0xFF,0xFF,0xFF,
  172              0x00,0x00,0x00,0x00,0x00,0x00,0x00,0x00,0x00,0x00,0x00,0x00,0x00,0x00,0x00,0xFF,
  173              0xFF,0xFF,0xFF,0xFF,0xFF,0xFF,0xFF,0xFF,0xFF,0xFF,0xFF,0xFF,0xFF,0xFF,0xFF,0xFF,
  174              0xFF,0xFF,0xFF,0xFF,0xFF,0xFF,0xFF,0xFF,0xFF,0xFF,0xFF,0xFF,0xFF,0xFF,0xFF,0xFF,
  175              0xFF,0xFF,0xFF,0xFF,0x00,0x00,0x00,0x00,0x00,0x00,0x00,0x00,0xFF,0xFF,0xFF,0xFF,
  176              0xFF,0xFF,0x00,0x00,0x00,0x00,0x00,0x00,0x00,0x00,0x00,0x00,0x00,0x00,0x00,0x00,
  177              0x00,0xFF,0xFF,0xFF,0xFF,0xFF,0xFF,0x00,0x00,0x00,0x00,0x00,0x00,0x00,0x00,0x00,
  178              0x00,0x00,0x00,0x00,0x00,0x00,0xFF,0xFF,0xFF,0xFF,0xFF,0xFF,0x00,0x00,0x00,0x00,
  179              0x00,0x00,0x00,0x00,0x00,0x00,0x00,0x00,0x00,0x00,0xFF,0xFF,0xFF,0xFF,0xFF,0xFF,
  180              0x00,0x00,0x00,0x00,0x00,0x00,0x00,0x00,0x00,0x00,0x00,0x00,0x00,0x00,0x00,0xFF,
  181              0xFF,0xFF,0xFF,0xFF,0xFF,0xFF,0xFF,0xFF,0xFF,0xFF,0xFF,0xFF,0xFF,0xFF,0xFF,0xFF,
  182              0xFF,0xFF,0xFF,0xFF,0xFF,0xFF,0xFF,0xFF,0xFF,0xFF,0xFF,0xFF,0xFF,0xFF,0xFF,0xFF,
  183              0xFF,0xFF,0xFF,0xFF,0x00,0x00,0x00,0x00,0x00,0x00,0x00,0x00,0xFF,0xFF,0xFF,0xFF,
  184              0xFF,0xFF,0x7F,0x3F,0x1F,0x1F,0x1F,0x1F,0x1F,0x1F,0x1F,0x1F,0x1F,0x1F,0x3F,0x3F,
  185              0xFF,0xFF,0xFF,0xFF,0xFF,0xFF,0xFF,0x7F,0x3F,0x1F,0x1F,0x1F,0x1F,0x1F,0x1F,0x1F,
  186              0x1F,0x1F,0x1F,0x3F,0x7F,0xFF,0xFF,0xFF,0xFF,0xFF,0xFF,0xFF,0x7F,0x3F,0x1F,0x1F,
  187              0x1F,0x1F,0x1F,0x1F,0x1F,0x1F,0x1F,0x1F,0x3F,0x7F,0xFF,0xFF,0xFF,0xFF,0xFF,0xFF,
  188              0x00,0x00,0x00,0x00,0x00,0x00,0x00,0x00,0x3F,0x3F,0x3F,0x3F,0x7F,0x7F,0xFF,0xFF,
  189              0xFF,0xFF,0xFF,0xFF,0xFF,0xFF,0xFF,0xFF,0xFF,0xFF,0xFF,0xFF,0xFF,0xFF,0xFF,0xFF,
  190              0xFF,0xFF,0xFF,0xFF,0xFF,0xFF,0xFF,0xFF,0xFF,0xFF,0xFF,0xFF,0xFF,0xFF,0xFF,0xFF,
C251 COMPILER V5.60.0,  pic                                                                14/01/26  14:45:49  PAGE 4   

  191              0xFF,0xFF,0xFF,0xFF,0x01,0x01,0x00,0x00,0x00,0x00,0x00,0x00,0x80,0x80,0x80,0x80,
  192              0x80,0x80,0x80,0x80,0x80,0x80,0x80,0x80,0x80,0x80,0x80,0x80,0x80,0x80,0x80,0x80,
  193              0x80,0x80,0x80,0x80,0x80,0x80,0x80,0x80,0x80,0x80,0x80,0x80,0x80,0x80,0x80,0x80,
  194              0x80,0x80,0x80,0x80,0x80,0x80,0x80,0x80,0x80,0x80,0x80,0x80,0x80,0x80,0x80,0x80,
  195              0x80,0x80,0x80,0x80,0x80,0x80,0x80,0x80,0x80,0x80,0x80,0x80,0x80,0x80,0x80,0x80,
  196              0x00,0x00,0x00,0x00,0x00,0x00,0x00,0x01,0xFF,0xFF,0xFF,0xFF,0xFF,0xFF,0xFF,0xFF,
  197              0xFF,0xFF,0xFF,0xFF,0xFF,0xFF,0xFF,0xFF,0xFF,0xFF,0xFF,0xFF,0xFF,0xFF,0xFF,0xFF,
  198              0xFF,0xFF,0xFF,0xFF,0xFF,0xFF,0xFF,0xFF,0xFF,0xFF,0xFF,0xFF,0xFF,0xFF,0xFF,0xFF,
  199              0xFF,0xFF,0xFF,0xFF,0xFF,0xFF,0xFF,0xFF,0xFF,0xFF,0xFF,0xFF,0xFF,0xFF,0xFF,0xFF,
  200              0xFF,0xFF,0xFF,0xFF,0xFF,0xFF,0xFF,0xFF,0xFF,0xFF,0xFF,0xFF,0xFF,0xFF,0xFF,0xFF,
  201              0xFF,0xFF,0xFF,0xFF,0xFF,0xFF,0xFF,0xFF,0xFF,0xFF,0xFF,0xFF,0xFF,0xFF,0xFF,0xFF,
  202              0xFF,0xFF,0xFF,0xFF,0xFF,0xFF,0xFF,0xFF,0xFF,0xFF,0xFF,0xFF,0xFF,0xFF,0xFF,0xFF,
  203              0xFF,0xFF,0xFF,0xFF,0xFF,0xFF,0xFF,0xFF,0xFF,0xFF,0xFF,0xFF,0xFF,0xFF,0xFF,0xFF,
  204              0xFF,0xFF,0xFF,0xFF,0xFF,0xFF,0xFF,0xFF,0xFF,0xFF,0xFF,0xFF,0xFF,0xFF,0xFF,0xFF,
  205              0xFF,0xFF,0xFF,0xFF,0xFF,0xFF,0xFF,0xFF,0xFF,0xFF,0xFF,0xFF,0xFF,0xFF,0xFF,0xFF,
  206          };


Module Information          Static   Overlayable
------------------------------------------------
  code size            =      2048     ------
  ecode size           =    ------     ------
  data size            =    ------     ------
  idata size           =    ------     ------
  pdata size           =    ------     ------
  xdata size           =      1024     ------
  xdata-const size     =    ------     ------
  edata size           =    ------     ------
  bit size             =    ------     ------
  ebit size            =    ------     ------
  bitaddressable size  =    ------     ------
  ebitaddressable size =    ------     ------
  far data size        =    ------     ------
  huge data size       =    ------     ------
  const size           =    ------     ------
  hconst size          =      1029     ------
End of Module Information.


C251 COMPILATION COMPLETE.  0 WARNING(S),  0 ERROR(S)
